<?xml version="1.0" encoding="UTF-8"?>
<testng-results skipped="0" failed="0" total="1" passed="1">
  <reporter-output>
  </reporter-output>
  <suite name="Suite" duration-ms="11240" started-at="2016-12-26T18:20:15Z" finished-at="2016-12-26T18:20:26Z">
    <groups>
    </groups>
    <test name="Test" duration-ms="11240" started-at="2016-12-26T18:20:15Z" finished-at="2016-12-26T18:20:26Z">
      <class name="example.NewTest">
        <test-method status="PASS" signature="beforeTest()[pri:0, instance:example.NewTest@4e04a765]" name="beforeTest" is-config="true" duration-ms="5650" started-at="2016-12-26T23:50:15Z" finished-at="2016-12-26T23:50:20Z">
          <reporter-output>
          </reporter-output>
        </test-method> <!-- beforeTest -->
        <test-method status="PASS" signature="firsttest()[pri:0, instance:example.NewTest@4e04a765]" name="firsttest" duration-ms="4151" started-at="2016-12-26T23:50:20Z" finished-at="2016-12-26T23:50:24Z">
          <reporter-output>
          </reporter-output>
        </test-method> <!-- firsttest -->
        <test-method status="PASS" signature="afterTest()[pri:0, instance:example.NewTest@4e04a765]" name="afterTest" is-config="true" duration-ms="1420" started-at="2016-12-26T23:50:24Z" finished-at="2016-12-26T23:50:26Z">
          <reporter-output>
          </reporter-output>
        </test-method> <!-- afterTest -->
      </class> <!-- example.NewTest -->
    </test> <!-- Test -->
  </suite> <!-- Suite -->
</testng-results>
